Éxito (3):
content 13635 _a-0000e031-0334-8000-06a9-01ef9001ef90_45876 "WIKI_GetComponenteConImagenes"
content 13692 _a-0000e031-0334-8000-06a9-01ef9001ef90_47125 "WIKI_GetIImagenesFavoritas"
application 13675 _a-0000e091-8c0f-8000-06a9-01ef9001ef90_87899 "SBB"

Celdas precedentes referenciadas que no se exportaron (2):
user sergio.blazquez sergio.blazquez
content 8005 _a-0000e014-0406-8000-9ba2-011c48011c48_982052

Trace:
2018-04-19 13:46:13.114 DEBUG application 13675 _a-0000e091-8c0f-8000-06a9-01ef9001ef90_87899 Begin transport.
2018-04-19 13:46:13.114 DEBUG application 13675 _a-0000e091-8c0f-8000-06a9-01ef9001ef90_87899 Retrieving object data.
2018-04-19 13:46:13.118 DEBUG application 13675 _a-0000e091-8c0f-8000-06a9-01ef9001ef90_87899 App associated objects: [content=[_a-0000e031-0334-8000-06a9-01ef9001ef90_45876, _a-0000e031-0334-8000-06a9-01ef9001ef90_47125]]
2018-04-19 13:46:13.12 DEBUG application 13675 _a-0000e091-8c0f-8000-06a9-01ef9001ef90_87899 Invalid associated objects: []
2018-04-19 13:46:13.12 DEBUG application 13675 _a-0000e091-8c0f-8000-06a9-01ef9001ef90_87899 Adding valid associated objects to be exported: GlobalBindingMap[content={_a-0000e031-0334-8000-06a9-01ef9001ef90_45876=13635, _a-0000e031-0334-8000-06a9-01ef9001ef90_47125=13692}]
2018-04-19 13:46:13.12 DEBUG application 13675 _a-0000e091-8c0f-8000-06a9-01ef9001ef90_87899 Setting uuids of object references.
2018-04-19 13:46:13.12 DEBUG application 13675 _a-0000e091-8c0f-8000-06a9-01ef9001ef90_87899 Processing reference: Application.forum
2018-04-19 13:46:13.12 DEBUG application 13675 _a-0000e091-8c0f-8000-06a9-01ef9001ef90_87899 Processing reference: Application.parent
2018-04-19 13:46:13.122 DEBUG application 13675 _a-0000e091-8c0f-8000-06a9-01ef9001ef90_87899 Processing reference: com.appiancorp.suiteapi.content.ContentRoleMap@3ce80fac[
  ContentRole[name=readers,inherit=false,allowForAll=false]
  ContentRole[name=authors,inherit=false,allowForAll=false]
  ContentRole[name=administrators,usernames=[sergio.blazquez],inherit=false,allowForAll=false]
  ContentRole[name=denyReaders,inherit=false,allowForAll=false]
  ContentRole[name=denyAuthors,inherit=false,allowForAll=false]
  ContentRole[name=denyAdministrators,inherit=false,allowForAll=false]
  securityVector=129:SEC_PUBLIC=true,SEC_CREATOR_ADMIN=true,SEC_INH_ADMIN=false,SEC_INH_EDITOR=false,SEC_INH_VIEWER=false,SEC_ALL_ADMIN=false,SEC_ALL_EDITOR=false,SEC_ALL_VIEWER=false
]
2018-04-19 13:46:13.122 DEBUG application 13675 _a-0000e091-8c0f-8000-06a9-01ef9001ef90_87899 Processing reference: ContentRole[name=readers,inherit=false,allowForAll=false]
2018-04-19 13:46:13.122 DEBUG application 13675 _a-0000e091-8c0f-8000-06a9-01ef9001ef90_87899 Processing reference: ContentRole[name=authors,inherit=false,allowForAll=false]
2018-04-19 13:46:13.122 DEBUG application 13675 _a-0000e091-8c0f-8000-06a9-01ef9001ef90_87899 Processing reference: ContentRole[name=administrators,usernames=[sergio.blazquez],inherit=false,allowForAll=false]
2018-04-19 13:46:13.123 DEBUG application 13675 _a-0000e091-8c0f-8000-06a9-01ef9001ef90_87899 Processing reference: ContentRole[name=denyReaders,inherit=false,allowForAll=false]
2018-04-19 13:46:13.123 DEBUG application 13675 _a-0000e091-8c0f-8000-06a9-01ef9001ef90_87899 Processing reference: ContentRole[name=denyAuthors,inherit=false,allowForAll=false]
2018-04-19 13:46:13.123 DEBUG application 13675 _a-0000e091-8c0f-8000-06a9-01ef9001ef90_87899 Processing reference: ContentRole[name=denyAdministrators,inherit=false,allowForAll=false]
2018-04-19 13:46:13.126 DEBUG content 13635 _a-0000e031-0334-8000-06a9-01ef9001ef90_45876 Begin transport.
2018-04-19 13:46:13.126 DEBUG content 13635 _a-0000e031-0334-8000-06a9-01ef9001ef90_45876 Retrieving object data.
2018-04-19 13:46:13.133 DEBUG content 13635 _a-0000e031-0334-8000-06a9-01ef9001ef90_45876 Setting uuids of object references.
2018-04-19 13:46:13.133 DEBUG content 13635 _a-0000e031-0334-8000-06a9-01ef9001ef90_45876 Processing reference: [Content:id=9320,versionId=-1,name=WIKI_GetComponenteConImagenes,type=32,subtype=1,uuid=_a-0000e031-0334-8000-06a9-01ef9001ef90_45876,parent=8005]
2018-04-19 13:46:13.134 DEBUG content 13635 _a-0000e031-0334-8000-06a9-01ef9001ef90_45876 Processing reference: FreeformRule.forum
2018-04-19 13:46:13.134 DEBUG content 13635 _a-0000e031-0334-8000-06a9-01ef9001ef90_45876 Processing reference: TypedVariable[name=idCarpeta,it=1,v=<null>]
2018-04-19 13:46:13.134 DEBUG content 13635 _a-0000e031-0334-8000-06a9-01ef9001ef90_45876 Processing reference: FreeformRule.parent
2018-04-19 13:46:13.136 DEBUG content 13635 _a-0000e031-0334-8000-06a9-01ef9001ef90_45876 Processing reference: com.appiancorp.suiteapi.content.ContentRoleMap@274933d6[
  ContentRole[name=readers,inherit=true,allowForAll=false]
  ContentRole[name=authors,inherit=true,allowForAll=false]
  ContentRole[name=administrators,inherit=true,allowForAll=false]
  ContentRole[name=denyReaders,inherit=false,allowForAll=false]
  ContentRole[name=denyAuthors,inherit=false,allowForAll=false]
  ContentRole[name=denyAdministrators,inherit=false,allowForAll=false]
  securityVector=15:SEC_PUBLIC=true,SEC_CREATOR_ADMIN=false,SEC_INH_ADMIN=true,SEC_INH_EDITOR=true,SEC_INH_VIEWER=true,SEC_ALL_ADMIN=false,SEC_ALL_EDITOR=false,SEC_ALL_VIEWER=false
]
2018-04-19 13:46:13.136 DEBUG content 13635 _a-0000e031-0334-8000-06a9-01ef9001ef90_45876 Processing reference: ContentRole[name=readers,inherit=true,allowForAll=false]
2018-04-19 13:46:13.136 DEBUG content 13635 _a-0000e031-0334-8000-06a9-01ef9001ef90_45876 Processing reference: ContentRole[name=authors,inherit=true,allowForAll=false]
2018-04-19 13:46:13.136 DEBUG content 13635 _a-0000e031-0334-8000-06a9-01ef9001ef90_45876 Processing reference: ContentRole[name=administrators,inherit=true,allowForAll=false]
2018-04-19 13:46:13.136 DEBUG content 13635 _a-0000e031-0334-8000-06a9-01ef9001ef90_45876 Processing reference: ContentRole[name=denyReaders,inherit=false,allowForAll=false]
2018-04-19 13:46:13.136 DEBUG content 13635 _a-0000e031-0334-8000-06a9-01ef9001ef90_45876 Processing reference: ContentRole[name=denyAuthors,inherit=false,allowForAll=false]
2018-04-19 13:46:13.136 DEBUG content 13635 _a-0000e031-0334-8000-06a9-01ef9001ef90_45876 Processing reference: ContentRole[name=denyAdministrators,inherit=false,allowForAll=false]
2018-04-19 13:46:13.137 DEBUG content 13635 _a-0000e031-0334-8000-06a9-01ef9001ef90_45876 Completing produce.
2018-04-19 13:46:13.137 DEBUG content 13635 _a-0000e031-0334-8000-06a9-01ef9001ef90_45876 Exporting binary resources.
2018-04-19 13:46:13.137 DEBUG content 13635 _a-0000e031-0334-8000-06a9-01ef9001ef90_45876 Serializing object to XML.
2018-04-19 13:46:13.138 DEBUG content 13635 _a-0000e031-0334-8000-06a9-01ef9001ef90_45876 Object transported.
2018-04-19 13:46:13.138 DEBUG content 13692 _a-0000e031-0334-8000-06a9-01ef9001ef90_47125 Begin transport.
2018-04-19 13:46:13.139 DEBUG content 13692 _a-0000e031-0334-8000-06a9-01ef9001ef90_47125 Retrieving object data.
2018-04-19 13:46:13.145 DEBUG content 13692 _a-0000e031-0334-8000-06a9-01ef9001ef90_47125 Setting uuids of object references.
2018-04-19 13:46:13.145 DEBUG content 13692 _a-0000e031-0334-8000-06a9-01ef9001ef90_47125 Processing reference: [Content:id=9521,versionId=-1,name=WIKI_GetIImagenesFavoritas,type=32,subtype=1,uuid=_a-0000e031-0334-8000-06a9-01ef9001ef90_47125,parent=8005]
2018-04-19 13:46:13.146 DEBUG content 13692 _a-0000e031-0334-8000-06a9-01ef9001ef90_47125 Processing reference: FreeformRule.forum
2018-04-19 13:46:13.146 DEBUG content 13692 _a-0000e031-0334-8000-06a9-01ef9001ef90_47125 Processing reference: TypedVariable[name=idCarpeta,it=1,v=<null>]
2018-04-19 13:46:13.147 DEBUG content 13692 _a-0000e031-0334-8000-06a9-01ef9001ef90_47125 Processing reference: FreeformRule.parent
2018-04-19 13:46:13.149 DEBUG content 13692 _a-0000e031-0334-8000-06a9-01ef9001ef90_47125 Processing reference: com.appiancorp.suiteapi.content.ContentRoleMap@2045efb1[
  ContentRole[name=readers,inherit=true,allowForAll=false]
  ContentRole[name=authors,inherit=true,allowForAll=false]
  ContentRole[name=administrators,inherit=true,allowForAll=false]
  ContentRole[name=denyReaders,inherit=false,allowForAll=false]
  ContentRole[name=denyAuthors,inherit=false,allowForAll=false]
  ContentRole[name=denyAdministrators,inherit=false,allowForAll=false]
  securityVector=15:SEC_PUBLIC=true,SEC_CREATOR_ADMIN=false,SEC_INH_ADMIN=true,SEC_INH_EDITOR=true,SEC_INH_VIEWER=true,SEC_ALL_ADMIN=false,SEC_ALL_EDITOR=false,SEC_ALL_VIEWER=false
]
2018-04-19 13:46:13.149 DEBUG content 13692 _a-0000e031-0334-8000-06a9-01ef9001ef90_47125 Processing reference: ContentRole[name=readers,inherit=true,allowForAll=false]
2018-04-19 13:46:13.149 DEBUG content 13692 _a-0000e031-0334-8000-06a9-01ef9001ef90_47125 Processing reference: ContentRole[name=authors,inherit=true,allowForAll=false]
2018-04-19 13:46:13.149 DEBUG content 13692 _a-0000e031-0334-8000-06a9-01ef9001ef90_47125 Processing reference: ContentRole[name=administrators,inherit=true,allowForAll=false]
2018-04-19 13:46:13.149 DEBUG content 13692 _a-0000e031-0334-8000-06a9-01ef9001ef90_47125 Processing reference: ContentRole[name=denyReaders,inherit=false,allowForAll=false]
2018-04-19 13:46:13.149 DEBUG content 13692 _a-0000e031-0334-8000-06a9-01ef9001ef90_47125 Processing reference: ContentRole[name=denyAuthors,inherit=false,allowForAll=false]
2018-04-19 13:46:13.149 DEBUG content 13692 _a-0000e031-0334-8000-06a9-01ef9001ef90_47125 Processing reference: ContentRole[name=denyAdministrators,inherit=false,allowForAll=false]
2018-04-19 13:46:13.149 DEBUG content 13692 _a-0000e031-0334-8000-06a9-01ef9001ef90_47125 Completing produce.
2018-04-19 13:46:13.149 DEBUG content 13692 _a-0000e031-0334-8000-06a9-01ef9001ef90_47125 Exporting binary resources.
2018-04-19 13:46:13.149 DEBUG content 13692 _a-0000e031-0334-8000-06a9-01ef9001ef90_47125 Serializing object to XML.
2018-04-19 13:46:13.151 DEBUG content 13692 _a-0000e031-0334-8000-06a9-01ef9001ef90_47125 Object transported.
2018-04-19 13:46:13.151 DEBUG application 13675 _a-0000e091-8c0f-8000-06a9-01ef9001ef90_87899 Completing produce.
2018-04-19 13:46:13.151 DEBUG application 13675 _a-0000e091-8c0f-8000-06a9-01ef9001ef90_87899 Exporting binary resources.
2018-04-19 13:46:13.151 DEBUG application 13675 _a-0000e091-8c0f-8000-06a9-01ef9001ef90_87899 Serializing object to XML.
2018-04-19 13:46:13.152 DEBUG application 13675 _a-0000e091-8c0f-8000-06a9-01ef9001ef90_87899 Object transported.
